[08/08/2024 	 12:15:22] 	 GET 	 /products/1
[08/08/2024 	 12:20:26] 	 GET 	 /products/1
[08/08/2024 	 12:20:26] 	 GET 	 /products
[08/08/2024 	 12:20:26] 	 GET 	 /products/1
[08/08/2024 	 12:20:26] 	 GET 	 /products
[08/08/2024 	 12:21:58] 	 GET 	 /products
[08/08/2024 	 12:24:23] 	 GET 	 /products
[08/08/2024 	 12:24:23] 	 GET 	 /products
[08/08/2024 	 12:24:38] 	 GET 	 /products/4
[08/08/2024 	 12:24:38] 	 GET 	 /products/4
[08/08/2024 	 12:24:43] 	 GET 	 /products/7
[08/08/2024 	 12:24:43] 	 GET 	 /products/7
[08/08/2024 	 12:26:00] 	 GET 	 /products
[08/08/2024 	 12:26:11] 	 GET 	 /products/7
[08/08/2024 	 12:26:11] 	 GET 	 /products/7
[08/08/2024 	 12:27:18] 	 GET 	 /products
[08/08/2024 	 12:27:18] 	 GET 	 /products
[08/08/2024 	 12:29:02] 	 GET 	 /products
[08/08/2024 	 12:48:53] 	 POST 	 /register
[08/08/2024 	 12:54:05] 	 POST 	 /users/register
[08/08/2024 	 12:54:13] 	 POST 	 /users/register
[08/08/2024 	 12:55:31] 	 POST 	 /users/register
[08/08/2024 	 13:00:48] 	 POST 	 /users/register
[08/08/2024 	 13:11:03] 	 GET 	 /products
[08/08/2024 	 13:11:03] 	 GET 	 /products
[08/08/2024 	 13:12:28] 	 GET 	 /products
[08/08/2024 	 13:12:28] 	 GET 	 /products
[08/08/2024 	 13:12:43] 	 GET 	 /products
[08/08/2024 	 13:13:43] 	 POST 	 /login
[08/08/2024 	 13:14:19] 	 POST 	 /users/login
[08/08/2024 	 13:14:49] 	 POST 	 /users/login
[08/08/2024 	 13:14:57] 	 POST 	 /users/login
[08/08/2024 	 13:15:05] 	 POST 	 /users/login
[08/08/2024 	 13:15:22] 	 POST 	 /users/login
[08/08/2024 	 13:19:35] 	 POST 	 /users/login
[08/08/2024 	 13:21:37] 	 POST 	 /users/login
[08/08/2024 	 13:26:53] 	 POST 	 /users/login
[08/08/2024 	 13:27:24] 	 POST 	 /users/login
[08/08/2024 	 13:31:41] 	 POST 	 /users/login
[08/08/2024 	 13:32:05] 	 POST 	 /users/login
[08/08/2024 	 13:34:25] 	 POST 	 /users/login
[08/08/2024 	 13:46:17] 	 POST 	 /users/login
[08/08/2024 	 13:46:21] 	 POST 	 /users/login
[08/08/2024 	 13:46:25] 	 POST 	 /users/login
[08/08/2024 	 13:48:55] 	 POST 	 /users/login
[08/08/2024 	 13:54:34] 	 POST 	 /users/login
[08/08/2024 	 13:55:51] 	 POST 	 /users/login
[08/08/2024 	 14:02:16] 	 GET 	 /products
[08/08/2024 	 14:02:31] 	 GET 	 /products
[08/08/2024 	 14:02:42] 	 GET 	 /products
[08/08/2024 	 14:03:02] 	 GET 	 /products
[08/08/2024 	 14:05:18] 	 GET 	 /products
[08/08/2024 	 14:05:37] 	 POST 	 /users/login
[08/08/2024 	 14:07:37] 	 POST 	 /users/login
[08/08/2024 	 14:08:01] 	 POST 	 /users/login
[08/08/2024 	 14:11:25] 	 POST 	 /users/login
[08/08/2024 	 14:11:46] 	 POST 	 /users/login
[08/08/2024 	 14:12:57] 	 POST 	 /users/login
[08/08/2024 	 14:13:18] 	 POST 	 /users/login
[08/08/2024 	 14:13:24] 	 POST 	 /users/login
[08/08/2024 	 14:27:42] 	 POST 	 /users/login
[08/08/2024 	 14:44:01] 	 POST 	 /products/products
[08/08/2024 	 14:57:03] 	 POST 	 /products
[08/08/2024 	 14:57:26] 	 POST 	 /products
[08/08/2024 	 15:01:37] 	 POST 	 /products
[08/08/2024 	 15:05:06] 	 POST 	 /products
[08/08/2024 	 15:06:47] 	 POST 	 /products
[08/08/2024 	 15:09:22] 	 POST 	 /products
[08/08/2024 	 15:11:06] 	 POST 	 /products
[08/08/2024 	 15:13:10] 	 POST 	 /products
[08/08/2024 	 15:14:54] 	 POST 	 /products
[08/08/2024 	 15:21:36] 	 POST 	 /products
[08/08/2024 	 15:28:38] 	 POST 	 /products
[08/08/2024 	 15:37:02] 	 POST 	 /products
[08/08/2024 	 15:37:29] 	 GET 	 /products
[08/08/2024 	 15:37:29] 	 GET 	 /products
[08/08/2024 	 15:37:34] 	 POST 	 /users/login
[08/08/2024 	 15:38:32] 	 POST 	 /products
[08/08/2024 	 15:39:24] 	 GET 	 /products
[08/08/2024 	 15:39:24] 	 GET 	 /products
[08/08/2024 	 15:39:37] 	 GET 	 /products/101
[08/08/2024 	 15:39:37] 	 GET 	 /products/101
[08/08/2024 	 15:43:55] 	 GET 	 /products
[08/08/2024 	 15:43:55] 	 GET 	 /products
[08/08/2024 	 15:44:25] 	 POST 	 /products
[08/08/2024 	 15:52:07] 	 POST 	 /users/login
[08/08/2024 	 15:54:40] 	 GET 	 /products
[08/08/2024 	 15:54:40] 	 GET 	 /products
[08/08/2024 	 16:29:22] 	 GET 	 /products
[08/08/2024 	 16:29:22] 	 GET 	 /products
[08/08/2024 	 16:33:04] 	 GET 	 /products
[08/08/2024 	 16:33:04] 	 GET 	 /products
[08/08/2024 	 16:33:13] 	 GET 	 /products
[08/08/2024 	 16:33:13] 	 GET 	 /products
[08/08/2024 	 16:46:46] 	 POST 	 /users/login
[08/08/2024 	 16:47:03] 	 GET 	 /products/3
[08/08/2024 	 16:47:03] 	 GET 	 /products/3
[08/08/2024 	 16:50:20] 	 POST 	 /users/login
[08/08/2024 	 17:02:18] 	 GET 	 /products
[08/08/2024 	 17:02:18] 	 GET 	 /products
[08/08/2024 	 17:02:23] 	 POST 	 /users/login
[08/08/2024 	 17:02:51] 	 GET 	 /products
[08/08/2024 	 17:02:51] 	 GET 	 /products
[08/08/2024 	 17:02:58] 	 POST 	 /users/login
[08/08/2024 	 17:03:14] 	 GET 	 /products
[08/08/2024 	 17:03:14] 	 GET 	 /products
[08/08/2024 	 17:03:59] 	 GET 	 /products
[08/08/2024 	 17:04:00] 	 POST 	 /users/login
[08/08/2024 	 17:05:47] 	 POST 	 /users/login
[08/08/2024 	 17:06:11] 	 POST 	 /users/login
[08/08/2024 	 17:06:21] 	 POST 	 /users/login
[08/08/2024 	 17:09:03] 	 GET 	 /products
[08/08/2024 	 17:09:03] 	 GET 	 /products
[08/08/2024 	 17:11:15] 	 POST 	 /users/login
[08/08/2024 	 17:12:18] 	 GET 	 /products
[08/08/2024 	 17:12:18] 	 GET 	 /products
[08/08/2024 	 17:12:57] 	 GET 	 /products
[08/08/2024 	 17:12:57] 	 GET 	 /products
[08/08/2024 	 17:18:33] 	 GET 	 /products
[08/08/2024 	 17:18:55] 	 POST 	 /users/login
[08/08/2024 	 17:34:57] 	 GET 	 /products
[08/08/2024 	 17:34:57] 	 GET 	 /products
[08/08/2024 	 17:36:03] 	 POST 	 /users/login
[08/08/2024 	 17:36:41] 	 GET 	 /products
[08/08/2024 	 17:36:41] 	 GET 	 /products
[08/08/2024 	 17:36:46] 	 POST 	 /users/login
[08/08/2024 	 17:37:04] 	 GET 	 /products
[08/08/2024 	 17:37:04] 	 GET 	 /products
[08/08/2024 	 17:37:05] 	 POST 	 /users/login
[08/08/2024 	 17:37:53] 	 GET 	 /products
[08/08/2024 	 17:39:01] 	 GET 	 /products
[08/08/2024 	 17:39:01] 	 GET 	 /products
[08/08/2024 	 17:39:04] 	 POST 	 /users/login
[08/08/2024 	 17:41:13] 	 GET 	 /products
[08/08/2024 	 17:41:13] 	 GET 	 /products
[08/08/2024 	 17:41:20] 	 POST 	 /users/login
[08/08/2024 	 17:42:37] 	 GET 	 /products
[08/08/2024 	 17:42:37] 	 GET 	 /products
[08/08/2024 	 17:42:41] 	 POST 	 /users/login
[08/08/2024 	 17:46:31] 	 GET 	 /products
[08/08/2024 	 17:46:37] 	 GET 	 /products/3
[08/08/2024 	 17:46:37] 	 GET 	 /products/3
[08/08/2024 	 17:49:50] 	 GET 	 /products/3
[08/08/2024 	 17:50:07] 	 GET 	 /products/3
[08/08/2024 	 17:50:15] 	 GET 	 /products/3
[08/08/2024 	 17:50:28] 	 GET 	 /products/3
[08/08/2024 	 17:50:44] 	 GET 	 /products/3
[08/08/2024 	 17:51:06] 	 GET 	 /products/3
[08/08/2024 	 17:52:53] 	 GET 	 /products/3
[08/08/2024 	 18:03:49] 	 GET 	 /products/3/3
[08/08/2024 	 18:03:49] 	 GET 	 /products/3/3
[08/08/2024 	 18:04:55] 	 GET 	 /products/3/3
[08/08/2024 	 18:06:40] 	 GET 	 /products/3/3
[08/08/2024 	 18:06:45] 	 GET 	 /products/3/3
[08/08/2024 	 18:06:45] 	 GET 	 /products/3/3
[08/08/2024 	 18:07:39] 	 GET 	 /products/3/3
[08/08/2024 	 18:07:43] 	 GET 	 /products
[08/08/2024 	 18:07:43] 	 GET 	 /products
[08/08/2024 	 18:07:50] 	 POST 	 /users/login
[08/08/2024 	 18:07:56] 	 GET 	 /products/3/3
[08/08/2024 	 18:07:56] 	 GET 	 /products/3/3
[08/08/2024 	 18:08:25] 	 GET 	 /products/3/3
[08/08/2024 	 18:08:25] 	 GET 	 /products/3/3
[08/08/2024 	 18:13:14] 	 GET 	 /products/3
[08/08/2024 	 18:13:27] 	 GET 	 /products/3
[08/08/2024 	 18:13:27] 	 GET 	 /products/3
[08/08/2024 	 18:13:45] 	 GET 	 /products/1
[08/08/2024 	 18:13:45] 	 GET 	 /products/1
[08/08/2024 	 18:14:30] 	 DELETE 	 /products/1
[08/08/2024 	 18:15:33] 	 GET 	 /products/3
[08/08/2024 	 18:15:33] 	 GET 	 /products/3
[08/08/2024 	 18:15:35] 	 DELETE 	 /products/3
[08/08/2024 	 18:18:47] 	 GET 	 /products
[08/08/2024 	 18:19:22] 	 GET 	 /products/4
[08/08/2024 	 18:19:22] 	 GET 	 /products/4
[08/08/2024 	 18:19:27] 	 DELETE 	 /products/4
[08/08/2024 	 18:20:48] 	 GET 	 /products
[08/08/2024 	 18:20:52] 	 GET 	 /products
[08/08/2024 	 18:20:52] 	 GET 	 /products
[08/08/2024 	 18:20:59] 	 POST 	 /users/login
[08/08/2024 	 18:21:05] 	 GET 	 /products/7
[08/08/2024 	 18:21:05] 	 GET 	 /products/7
[08/08/2024 	 18:21:40] 	 GET 	 /products
[08/08/2024 	 18:22:20] 	 GET 	 /products/7
[08/08/2024 	 18:22:20] 	 GET 	 /products/7
[08/08/2024 	 18:22:26] 	 GET 	 /products
[08/08/2024 	 18:22:26] 	 GET 	 /products
[08/08/2024 	 18:22:31] 	 POST 	 /users/login
[08/08/2024 	 18:22:36] 	 GET 	 /products/7
[08/08/2024 	 18:22:36] 	 GET 	 /products/7
[08/08/2024 	 18:22:38] 	 DELETE 	 /products/7
[08/08/2024 	 18:22:38] 	 GET 	 /products
[08/08/2024 	 18:22:41] 	 GET 	 /products/8
[08/08/2024 	 18:22:41] 	 GET 	 /products/8
[08/08/2024 	 18:22:43] 	 DELETE 	 /products/8
[08/08/2024 	 18:22:43] 	 GET 	 /products
[08/08/2024 	 18:22:47] 	 GET 	 /products/12
[08/08/2024 	 18:22:47] 	 GET 	 /products/12
[08/08/2024 	 18:22:48] 	 DELETE 	 /products/12
[08/08/2024 	 18:22:48] 	 GET 	 /products
[08/08/2024 	 18:40:43] 	 GET 	 /products
[08/08/2024 	 18:40:43] 	 GET 	 /products
[08/08/2024 	 18:40:49] 	 POST 	 /users/login
[08/08/2024 	 18:44:35] 	 GET 	 /products
[08/08/2024 	 18:44:35] 	 GET 	 /products
[08/08/2024 	 18:47:01] 	 POST 	 /users/login
[08/08/2024 	 18:58:15] 	 GET 	 /products
[08/08/2024 	 18:58:15] 	 GET 	 /products
[08/08/2024 	 18:58:22] 	 POST 	 /users/login
[08/08/2024 	 19:00:50] 	 GET 	 /products
[08/08/2024 	 19:00:50] 	 GET 	 /products
[08/08/2024 	 19:02:12] 	 POST 	 /users/login
[08/08/2024 	 19:04:52] 	 GET 	 /products
[08/08/2024 	 19:04:52] 	 GET 	 /products
[08/08/2024 	 19:04:57] 	 POST 	 /users/login
[08/08/2024 	 19:08:29] 	 POST 	 /users/login
[08/08/2024 	 19:15:13] 	 PUT 	 /products
[08/08/2024 	 19:17:26] 	 PUT 	 /products
[08/08/2024 	 19:21:06] 	 PUT 	 /products/17
[08/08/2024 	 19:21:22] 	 POST 	 /users/login
[08/08/2024 	 19:21:49] 	 PUT 	 /products/2
[08/08/2024 	 19:25:00] 	 PUT 	 /products/5
[08/08/2024 	 19:25:00] 	 GET 	 /products
[08/08/2024 	 19:27:18] 	 PUT 	 /products/3
[08/08/2024 	 19:27:18] 	 GET 	 /products
[08/08/2024 	 19:28:04] 	 PUT 	 /products/1
[08/08/2024 	 19:28:04] 	 GET 	 /products
[08/08/2024 	 19:29:41] 	 POST 	 /users/login
[08/08/2024 	 19:29:51] 	 PUT 	 /products/3
[08/08/2024 	 19:29:51] 	 GET 	 /products
[08/08/2024 	 19:30:08] 	 PUT 	 /products/2
[08/08/2024 	 19:30:08] 	 GET 	 /products
[08/08/2024 	 19:32:32] 	 PUT 	 /products/5
[08/08/2024 	 19:32:32] 	 GET 	 /products
[08/08/2024 	 19:33:17] 	 GET 	 /products/16
[08/08/2024 	 19:33:17] 	 GET 	 /products/16
[08/08/2024 	 19:36:38] 	 GET 	 /products/16
[08/08/2024 	 19:38:16] 	 GET 	 /products/16
[08/08/2024 	 19:39:23] 	 GET 	 /products/16
[08/08/2024 	 19:39:31] 	 GET 	 /products/16
[08/08/2024 	 19:39:36] 	 GET 	 /products/16
[08/08/2024 	 19:39:41] 	 GET 	 /products/16
[08/08/2024 	 19:40:55] 	 PUT 	 /products/1
[08/08/2024 	 19:40:55] 	 GET 	 /products
[09/08/2024 	 09:25:19] 	 GET 	 /products
[09/08/2024 	 09:25:19] 	 GET 	 /products
[09/08/2024 	 09:25:30] 	 POST 	 /users/login
[09/08/2024 	 09:26:18] 	 POST 	 /users/login
[09/08/2024 	 09:27:40] 	 GET 	 /products/3
[09/08/2024 	 09:27:40] 	 GET 	 /products/3
[09/08/2024 	 09:27:47] 	 GET 	 /products/1
[09/08/2024 	 09:27:47] 	 GET 	 /products/1
